dingo@devbox:~/Downloads/GitRepo-master/cscd240/Lab10$ valgrind ./a.out 
==4216== Memcheck, a memory error detector
==4216== Copyright (C) 2002-2011, and GNU GPL'd, by Julian Seward et al.
==4216== Using Valgrind-3.7.0 and LibVEX; rerun with -h for copyright info
==4216== Command: ./a.out
==4216== 
Enter File Name: input.txt
1.  Print the array sorted by street.
2.  Print the array sorted by city.
3.  Print the array sorted by state then city
4.  Print the array sorrted by zip.
5.  Quit~~> 5
==4216== 
==4216== HEAP SUMMARY:
==4216==     in use at exit: 0 bytes in 0 blocks
==4216==   total heap usage: 11 allocs, 11 frees, 1,121 bytes allocated
==4216== 
==4216== All heap blocks were freed -- no leaks are possible
==4216== 
==4216== For counts of detected and suppressed errors, rerun with: -v
==4216== ERROR SUMMARY: 0 errors from 0 contexts (suppressed: 11 from 6)

